<?xml version="1.0" encoding="UTF-8"?>
<!-- Generated by org.testng.reporters.JUnitXMLReporter -->
<testsuite ignored="0" hostname="DESKTOP-1KRHALU" failures="0" tests="4" name="GroupingTest" time="0.137" errors="0" timestamp="2021-10-16T15:04:48 EET">
  <testcase classname="features.Grouping" name="TC4" time="0.019"/>
  <testcase classname="features.Grouping" name="TC3" time="0.002"/>
  <testcase classname="features.Grouping" name="TC2" time="0.005"/>
  <testcase classname="features.Grouping" name="TC1" time="0.003"/>
</testsuite> <!-- GroupingTest -->
