<?xml version="1.0" encoding="UTF-8"?>
<!-- Generated by org.testng.reporters.JUnitXMLReporter -->
<testsuite ignored="2" hostname="DESKTOP-1KRHALU" failures="0" tests="2" name="GroupingTest" time="0.087" errors="0" timestamp="2021-10-16T20:12:51 EET">
  <testcase classname="features.Grouping" name="TC3" time="0.015"/>
  <testcase classname="features.Grouping" name="TC1" time="0.004"/>
  <testcase classname="features.Grouping" name="TC2" time="0.0">
    <ignored/>
  </testcase> <!-- TC2 -->
  <testcase classname="features.Grouping" name="TC4" time="0.0">
    <ignored/>
  </testcase> <!-- TC4 -->
</testsuite> <!-- GroupingTest -->
