<?xml version="1.0" encoding="UTF-8"?>
<testng-results ignored="0" total="2" passed="2" failed="0" skipped="0">
  <reporter-output>
  </reporter-output>
  <suite started-at="2021-10-16T15:58:11 EET" name="AutomationPractice" finished-at="2021-10-16T15:58:26 EET" duration-ms="15577">
    <groups>
    </groups>
    <test started-at="2021-10-16T15:58:11 EET" name="Login" finished-at="2021-10-16T15:58:26 EET" duration-ms="15577">
      <class name="features.DataProviderFeature">
        <test-method is-config="true" signature="browserInit()[pri:0, instance:features.DataProviderFeature@485966cc]" started-at="2021-10-16T15:58:11 EET" name="browserInit" finished-at="2021-10-16T15:58:13 EET" duration-ms="2498" status="PASS">
          <reporter-output>
          </reporter-output>
        </test-method> <!-- browserInit -->
        <test-method signature="loginTest(java.lang.String, java.lang.String)[pri:0, instance:features.DataProviderFeature@485966cc]" started-at="2021-10-16T15:58:13 EET" name="loginTest" data-provider="LoginModule" finished-at="2021-10-16T15:58:22 EET" duration-ms="8579" status="PASS">
          <params>
            <param index="0">
              <value>
                <![CDATA[user1]]>
              </value>
            </param>
            <param index="1">
              <value>
                <![CDATA[test@123]]>
              </value>
            </param>
          </params>
          <reporter-output>
          </reporter-output>
        </test-method> <!-- loginTest -->
        <test-method signature="loginTest(java.lang.String, java.lang.String)[pri:0, instance:features.DataProviderFeature@485966cc]" started-at="2021-10-16T15:58:22 EET" name="loginTest" data-provider="LoginModule" finished-at="2021-10-16T15:58:26 EET" duration-ms="4451" status="PASS">
          <params>
            <param index="0">
              <value>
                <![CDATA[user2]]>
              </value>
            </param>
            <param index="1">
              <value>
                <![CDATA[Pass@w0rd]]>
              </value>
            </param>
          </params>
          <reporter-output>
          </reporter-output>
        </test-method> <!-- loginTest -->
      </class> <!-- features.DataProviderFeature -->
    </test> <!-- Login -->
  </suite> <!-- AutomationPractice -->
</testng-results>
